<?xml version="1.0" encoding="UTF-8"?>
<testng-results skipped="0" failed="0" total="2" passed="2">
  <reporter-output>
  </reporter-output>
  <suite name="Default suite" duration-ms="56" started-at="2020-08-18T02:43:18Z" finished-at="2020-08-18T02:43:18Z">
    <groups>
    </groups>
    <test name="Default test" duration-ms="56" started-at="2020-08-18T02:43:18Z" finished-at="2020-08-18T02:43:18Z">
      <class name="testcaserms.orangrtest">
        <test-method status="PASS" signature="startupclass()[pri:0, instance:testcaserms.orangrtest@14bf9759]" name="startupclass" is-config="true" duration-ms="379" started-at="2020-08-18T08:13:17Z" finished-at="2020-08-18T08:13:18Z">
          <reporter-output>
          </reporter-output>
        </test-method> <!-- startupclass -->
        <test-method status="PASS" signature="nicktest()[pri:0, instance:testcaserms.orangrtest@14bf9759]" name="nicktest" duration-ms="24" started-at="2020-08-18T08:13:18Z" finished-at="2020-08-18T08:13:18Z">
          <reporter-output>
          </reporter-output>
        </test-method> <!-- nicktest -->
        <test-method status="PASS" signature="nicktest1()[pri:0, instance:testcaserms.orangrtest@14bf9759]" name="nicktest1" duration-ms="14" started-at="2020-08-18T08:13:18Z" finished-at="2020-08-18T08:13:18Z">
          <reporter-output>
          </reporter-output>
        </test-method> <!-- nicktest1 -->
        <test-method status="PASS" signature="closetest()[pri:0, instance:testcaserms.orangrtest@14bf9759]" name="closetest" is-config="true" duration-ms="420" started-at="2020-08-18T08:13:18Z" finished-at="2020-08-18T08:13:18Z">
          <reporter-output>
          </reporter-output>
        </test-method> <!-- closetest -->
      </class> <!-- testcaserms.orangrtest -->
    </test> <!-- Default test -->
  </suite> <!-- Default suite -->
</testng-results>
